State 153 conflicts: 1 shift/reduce


Grammar

    0 $accept: Programa $end

    1 $@1: %empty

    2 Programa: Cabecera_programa $@1 bloque

    3 $@2: %empty

    4 $@3: %empty

    5 bloque: Inicio_de_bloque $@2 Declar_de_variables_locales $@3 Declar_subprogs Sentencias Fin_de_bloque

    6 Declar_subprogs: Declar_subprogs Declar_subprog
    7                | %empty

    8 $@4: %empty

    9 $@5: %empty

   10 Declar_subprog: $@4 Cabecera_subprog $@5 bloque

   11 Declar_de_variables_locales: Marca_ini_declar_variables Variables_locales Marca_fin_declar_variables
   12                            | %empty

   13 Marca_ini_declar_variables: INIDEC

   14 Marca_fin_declar_variables: FINDEC

   15 Cabecera_programa: MAIN

   16 Inicio_de_bloque: LLAIZQ

   17 Fin_de_bloque: LLADER

   18 Variables_locales: Variables_locales Cuerpo_declar_variables
   19                  | Cuerpo_declar_variables

   20 $@6: %empty

   21 Cuerpo_declar_variables: tipo $@6 lista_declaracion_variables PYC
   22                        | error

   23 Cabecera_subprog: tipo variable PARIZQ argumentos PARDER
   24                 | tipo variable PARIZQ PARDER

   25 $@7: %empty

   26 argumentos: tipo $@7 variable

   27 $@8: %empty

   28 argumentos: argumentos COMA tipo $@8 variable
   29           | error

   30 variable: identificador
   31         | elemento_de_array_decl

   32 elemento_de_array_decl: identificador CORIZQ CONSTENT CORDER
   33                       | identificador CORIZQ CONSTENT COMA CONSTENT CORDER

   34 variable_expresion: identificador
   35                   | elemento_de_array

   36 elemento_de_array: identificador CORIZQ expresion CORDER
   37                  | identificador CORIZQ expresion COMA expresion CORDER

   38 Sentencias: Sentencias Sentencia
   39           | Sentencia

   40 Sentencia: bloque
   41          | sentencia_asignacion
   42          | sentencia_si
   43          | sentencia_mientras
   44          | sentencia_hacer_hasta
   45          | sentencia_entrada
   46          | sentencia_salida
   47          | sentencia_retornar

   48 sentencia_asignacion: variable_expresion ASIG expresion PYC
   49                     | error

   50 sentencia_si: SI PARIZQ expresion PARDER Sentencia
   51             | SI PARIZQ expresion PARDER Sentencia SINO Sentencia

   52 sentencia_mientras: MIENTRAS PARIZQ expresion PARDER Sentencia

   53 sentencia_hacer_hasta: HACER Sentencia HASTA PARIZQ expresion PARDER PYC

   54 sentencia_entrada: ENTRADA lista_variables PYC

   55 sentencia_salida: SALIDA lista_expresiones_cadena PYC

   56 sentencia_retornar: DEVOLVER expresion PYC

   57 lista_expresiones_cadena: lista_expresiones_cadena COMA expresion_cadena
   58                         | expresion_cadena

   59 expresion_cadena: expresion
   60                 | cadena

   61 lista_variables: variable
   62                | lista_variables COMA variable

   63 lista_declaracion_variables: variable
   64                            | lista_declaracion_variables COMA variable
   65                            | error

   66 lista_expresiones: expresion
   67                  | lista_expresiones COMA expresion

   68 expresion: PARIZQ expresion PARDER
   69          | OPNEG expresion
   70          | OPSUMA expresion
   71          | OPRESTA expresion
   72          | expresion OPMULT expresion
   73          | expresion OPDIV expresion
   74          | expresion OPMULTM expresion
   75          | expresion OPAND expresion
   76          | expresion OPOR expresion
   77          | expresion OPEQ expresion
   78          | expresion OPNEQ expresion
   79          | expresion OPLEQ expresion
   80          | expresion OPGEQ expresion
   81          | expresion OPLESS expresion
   82          | expresion OPGR expresion
   83          | expresion OPMOD expresion
   84          | expresion OPSUMA expresion
   85          | expresion OPRESTA expresion
   86          | variable_expresion
   87          | constante
   88          | funcion
   89          | error

   90 funcion: identificador PARIZQ PARDER

   91 $@9: %empty

   92 funcion: identificador PARIZQ $@9 lista_expresiones PARDER

   93 tipo: TIPOEL

   94 cadena: CADENA

   95 identificador: IDEN

   96 constante: CONST
   97          | CONSTENT
   98          | CORIZQ ini_elementos_array CORDER

   99 ini_elementos_array: ini_elementos_array PYC lista_expresiones_array
  100                    | lista_expresiones_array

  101 lista_expresiones_array: expresion
  102                        | lista_expresiones_array COMA expresion


Terminals, with rules where they appear

    $end (0) 0
    error (256) 22 29 49 65 89
    OPOR (258) 76
    OPAND (259) 75
    OPEQ (260) 77
    OPNEQ (261) 78
    OPLEQ (262) 79
    OPGEQ (263) 80
    OPLESS (264) 81
    OPGR (265) 82
    OPSUMA (266) 70 84
    OPRESTA (267) 71 85
    OPMULT (268) 72
    OPMULTM (269) 74
    OPDIV (270) 73
    OPMOD (271) 83
    OPNEG (272) 69
    CONST (273) 96
    CONSTENT (274) 32 33 97
    IDEN (275) 95
    CADENA (276) 94
    ASIG (277) 48
    CORIZQ (278) 32 33 36 37 98
    CORDER (279) 32 33 36 37 98
    PARIZQ (280) 23 24 50 51 52 53 68 90 92
    PARDER (281) 23 24 50 51 52 53 68 90 92
    LLAIZQ (282) 16
    LLADER (283) 17
    PYC (284) 21 48 53 54 55 56 99
    COMA (285) 28 33 37 57 62 64 67 102
    SI (286) 50 51
    SINO (287) 51
    MIENTRAS (288) 52
    HACER (289) 53
    HASTA (290) 53
    INIDEC (291) 13
    FINDEC (292) 14
    SALIDA (293) 55
    ENTRADA (294) 54
    DEVOLVER (295) 56
    MAIN (296) 15
    TIPOEL (297) 93


Nonterminals, with rules where they appear

    $accept (43)
        on left: 0
    Programa (44)
        on left: 2
        on right: 0
    $@1 (45)
        on left: 1
        on right: 2
    bloque (46)
        on left: 5
        on right: 2 10 40
    $@2 (47)
        on left: 3
        on right: 5
    $@3 (48)
        on left: 4
        on right: 5
    Declar_subprogs (49)
        on left: 6 7
        on right: 5 6
    Declar_subprog (50)
        on left: 10
        on right: 6
    $@4 (51)
        on left: 8
        on right: 10
    $@5 (52)
        on left: 9
        on right: 10
    Declar_de_variables_locales (53)
        on left: 11 12
        on right: 5
    Marca_ini_declar_variables (54)
        on left: 13
        on right: 11
    Marca_fin_declar_variables (55)
        on left: 14
        on right: 11
    Cabecera_programa (56)
        on left: 15
        on right: 2
    Inicio_de_bloque (57)
        on left: 16
        on right: 5
    Fin_de_bloque (58)
        on left: 17
        on right: 5
    Variables_locales (59)
        on left: 18 19
        on right: 11 18
    Cuerpo_declar_variables (60)
        on left: 21 22
        on right: 18 19
    $@6 (61)
        on left: 20
        on right: 21
    Cabecera_subprog (62)
        on left: 23 24
        on right: 10
    argumentos (63)
        on left: 26 28 29
        on right: 23 28
    $@7 (64)
        on left: 25
        on right: 26
    $@8 (65)
        on left: 27
        on right: 28
    variable (66)
        on left: 30 31
        on right: 23 24 26 28 61 62 63 64
    elemento_de_array_decl (67)
        on left: 32 33
        on right: 31
    variable_expresion (68)
        on left: 34 35
        on right: 48 86
    elemento_de_array (69)
        on left: 36 37
        on right: 35
    Sentencias (70)
        on left: 38 39
        on right: 5 38
    Sentencia (71)
        on left: 40 41 42 43 44 45 46 47
        on right: 38 39 50 51 52 53
    sentencia_asignacion (72)
        on left: 48 49
        on right: 41
    sentencia_si (73)
        on left: 50 51
        on right: 42
    sentencia_mientras (74)
        on left: 52
        on right: 43
    sentencia_hacer_hasta (75)
        on left: 53
        on right: 44
    sentencia_entrada (76)
        on left: 54
        on right: 45
    sentencia_salida (77)
        on left: 55
        on right: 46
    sentencia_retornar (78)
        on left: 56
        on right: 47
    lista_expresiones_cadena (79)
        on left: 57 58
        on right: 55 57
    expresion_cadena (80)
        on left: 59 60
        on right: 57 58
    lista_variables (81)
        on left: 61 62
        on right: 54 62
    lista_declaracion_variables (82)
        on left: 63 64 65
        on right: 21 64
    lista_expresiones (83)
        on left: 66 67
        on right: 67 92
    expresion (84)
        on left: 68 69 70 71 72 73 74 75 76 77 78 79 80 81 82 83 84 85 86 87 88 89
        on right: 36 37 48 50 51 52 53 56 59 66 67 68 69 70 71 72 73 74 75 76 77 78 79 80 81 82 83 84 85 101 102
    funcion (85)
        on left: 90 92
        on right: 88
    $@9 (86)
        on left: 91
        on right: 92
    tipo (87)
        on left: 93
        on right: 21 23 24 26 28
    cadena (88)
        on left: 94
        on right: 60
    identificador (89)
        on left: 95
        on right: 30 32 33 34 36 37 90 92
    constante (90)
        on left: 96 97 98
        on right: 87
    ini_elementos_array (91)
        on left: 99 100
        on right: 98 99
    lista_expresiones_array (92)
        on left: 101 102
        on right: 99 100 102


State 0

    0 $accept: . Programa $end

    MAIN  shift, and go to state 1

    Programa           go to state 2
    Cabecera_programa  go to state 3


State 1

   15 Cabecera_programa: MAIN .

    $default  reduce using rule 15 (Cabecera_programa)


State 2

    0 $accept: Programa . $end

    $end  shift, and go to state 4


State 3

    2 Programa: Cabecera_programa . $@1 bloque

    $default  reduce using rule 1 ($@1)

    $@1  go to state 5


State 4

    0 $accept: Programa $end .

    $default  accept


State 5

    2 Programa: Cabecera_programa $@1 . bloque

    LLAIZQ  shift, and go to state 6

    bloque            go to state 7
    Inicio_de_bloque  go to state 8


State 6

   16 Inicio_de_bloque: LLAIZQ .

    $default  reduce using rule 16 (Inicio_de_bloque)


State 7

    2 Programa: Cabecera_programa $@1 bloque .

    $default  reduce using rule 2 (Programa)


State 8

    5 bloque: Inicio_de_bloque . $@2 Declar_de_variables_locales $@3 Declar_subprogs Sentencias Fin_de_bloque

    $default  reduce using rule 3 ($@2)

    $@2  go to state 9


State 9

    5 bloque: Inicio_de_bloque $@2 . Declar_de_variables_locales $@3 Declar_subprogs Sentencias Fin_de_bloque

    INIDEC  shift, and go to state 10

    $default  reduce using rule 12 (Declar_de_variables_locales)

    Declar_de_variables_locales  go to state 11
    Marca_ini_declar_variables   go to state 12


State 10

   13 Marca_ini_declar_variables: INIDEC .

    $default  reduce using rule 13 (Marca_ini_declar_variables)


State 11

    5 bloque: Inicio_de_bloque $@2 Declar_de_variables_locales . $@3 Declar_subprogs Sentencias Fin_de_bloque

    $default  reduce using rule 4 ($@3)

    $@3  go to state 13


State 12

   11 Declar_de_variables_locales: Marca_ini_declar_variables . Variables_locales Marca_fin_declar_variables

    error   shift, and go to state 14
    TIPOEL  shift, and go to state 15

    Variables_locales        go to state 16
    Cuerpo_declar_variables  go to state 17
    tipo                     go to state 18


State 13

    5 bloque: Inicio_de_bloque $@2 Declar_de_variables_locales $@3 . Declar_subprogs Sentencias Fin_de_bloque

    $default  reduce using rule 7 (Declar_subprogs)

    Declar_subprogs  go to state 19


State 14

   22 Cuerpo_declar_variables: error .

    $default  reduce using rule 22 (Cuerpo_declar_variables)


State 15

   93 tipo: TIPOEL .

    $default  reduce using rule 93 (tipo)


State 16

   11 Declar_de_variables_locales: Marca_ini_declar_variables Variables_locales . Marca_fin_declar_variables
   18 Variables_locales: Variables_locales . Cuerpo_declar_variables

    error   shift, and go to state 14
    FINDEC  shift, and go to state 20
    TIPOEL  shift, and go to state 15

    Marca_fin_declar_variables  go to state 21
    Cuerpo_declar_variables     go to state 22
    tipo                        go to state 18


State 17

   19 Variables_locales: Cuerpo_declar_variables .

    $default  reduce using rule 19 (Variables_locales)


State 18

   21 Cuerpo_declar_variables: tipo . $@6 lista_declaracion_variables PYC

    $default  reduce using rule 20 ($@6)

    $@6  go to state 23


State 19

    5 bloque: Inicio_de_bloque $@2 Declar_de_variables_locales $@3 Declar_subprogs . Sentencias Fin_de_bloque
    6 Declar_subprogs: Declar_subprogs . Declar_subprog

    error     shift, and go to state 24
    IDEN      shift, and go to state 25
    LLAIZQ    shift, and go to state 6
    SI        shift, and go to state 26
    MIENTRAS  shift, and go to state 27
    HACER     shift, and go to state 28
    SALIDA    shift, and go to state 29
    ENTRADA   shift, and go to state 30
    DEVOLVER  shift, and go to state 31

    TIPOEL  reduce using rule 8 ($@4)

    bloque                 go to state 32
    Declar_subprog         go to state 33
    $@4                    go to state 34
    Inicio_de_bloque       go to state 8
    variable_expresion     go to state 35
    elemento_de_array      go to state 36
    Sentencias             go to state 37
    Sentencia              go to state 38
    sentencia_asignacion   go to state 39
    sentencia_si           go to state 40
    sentencia_mientras     go to state 41
    sentencia_hacer_hasta  go to state 42
    sentencia_entrada      go to state 43
    sentencia_salida       go to state 44
    sentencia_retornar     go to state 45
    identificador          go to state 46


State 20

   14 Marca_fin_declar_variables: FINDEC .

    $default  reduce using rule 14 (Marca_fin_declar_variables)


State 21

   11 Declar_de_variables_locales: Marca_ini_declar_variables Variables_locales Marca_fin_declar_variables .

    $default  reduce using rule 11 (Declar_de_variables_locales)


State 22

   18 Variables_locales: Variables_locales Cuerpo_declar_variables .

    $default  reduce using rule 18 (Variables_locales)


State 23

   21 Cuerpo_declar_variables: tipo $@6 . lista_declaracion_variables PYC

    error  shift, and go to state 47
    IDEN   shift, and go to state 25

    variable                     go to state 48
    elemento_de_array_decl       go to state 49
    lista_declaracion_variables  go to state 50
    identificador                go to state 51


State 24

   49 sentencia_asignacion: error .

    $default  reduce using rule 49 (sentencia_asignacion)


State 25

   95 identificador: IDEN .

    $default  reduce using rule 95 (identificador)


State 26

   50 sentencia_si: SI . PARIZQ expresion PARDER Sentencia
   51             | SI . PARIZQ expresion PARDER Sentencia SINO Sentencia

    PARIZQ  shift, and go to state 52


State 27

   52 sentencia_mientras: MIENTRAS . PARIZQ expresion PARDER Sentencia

    PARIZQ  shift, and go to state 53


State 28

   53 sentencia_hacer_hasta: HACER . Sentencia HASTA PARIZQ expresion PARDER PYC

    error     shift, and go to state 24
    IDEN      shift, and go to state 25
    LLAIZQ    shift, and go to state 6
    SI        shift, and go to state 26
    MIENTRAS  shift, and go to state 27
    HACER     shift, and go to state 28
    SALIDA    shift, and go to state 29
    ENTRADA   shift, and go to state 30
    DEVOLVER  shift, and go to state 31

    bloque                 go to state 32
    Inicio_de_bloque       go to state 8
    variable_expresion     go to state 35
    elemento_de_array      go to state 36
    Sentencia              go to state 54
    sentencia_asignacion   go to state 39
    sentencia_si           go to state 40
    sentencia_mientras     go to state 41
    sentencia_hacer_hasta  go to state 42
    sentencia_entrada      go to state 43
    sentencia_salida       go to state 44
    sentencia_retornar     go to state 45
    identificador          go to state 46


State 29

   55 sentencia_salida: SALIDA . lista_expresiones_cadena PYC

    error     shift, and go to state 55
    OPSUMA    shift, and go to state 56
    OPRESTA   shift, and go to state 57
    OPNEG     shift, and go to state 58
    CONST     shift, and go to state 59
    CONSTENT  shift, and go to state 60
    IDEN      shift, and go to state 25
    CADENA    shift, and go to state 61
    CORIZQ    shift, and go to state 62
    PARIZQ    shift, and go to state 63

    variable_expresion        go to state 64
    elemento_de_array         go to state 36
    lista_expresiones_cadena  go to state 65
    expresion_cadena          go to state 66
    expresion                 go to state 67
    funcion                   go to state 68
    cadena                    go to state 69
    identificador             go to state 70
    constante                 go to state 71


State 30

   54 sentencia_entrada: ENTRADA . lista_variables PYC

    IDEN  shift, and go to state 25

    variable                go to state 72
    elemento_de_array_decl  go to state 49
    lista_variables         go to state 73
    identificador           go to state 51


State 31

   56 sentencia_retornar: DEVOLVER . expresion PYC

    error     shift, and go to state 55
    OPSUMA    shift, and go to state 56
    OPRESTA   shift, and go to state 57
    OPNEG     shift, and go to state 58
    CONST     shift, and go to state 59
    CONSTENT  shift, and go to state 60
    IDEN      shift, and go to state 25
    CORIZQ    shift, and go to state 62
    PARIZQ    shift, and go to state 63

    variable_expresion  go to state 64
    elemento_de_array   go to state 36
    expresion           go to state 74
    funcion             go to state 68
    identificador       go to state 70
    constante           go to state 71


State 32

   40 Sentencia: bloque .

    $default  reduce using rule 40 (Sentencia)


State 33

    6 Declar_subprogs: Declar_subprogs Declar_subprog .

    $default  reduce using rule 6 (Declar_subprogs)


State 34

   10 Declar_subprog: $@4 . Cabecera_subprog $@5 bloque

    TIPOEL  shift, and go to state 15

    Cabecera_subprog  go to state 75
    tipo              go to state 76


State 35

   48 sentencia_asignacion: variable_expresion . ASIG expresion PYC

    ASIG  shift, and go to state 77


State 36

   35 variable_expresion: elemento_de_array .

    $default  reduce using rule 35 (variable_expresion)


State 37

    5 bloque: Inicio_de_bloque $@2 Declar_de_variables_locales $@3 Declar_subprogs Sentencias . Fin_de_bloque
   38 Sentencias: Sentencias . Sentencia

    error     shift, and go to state 24
    IDEN      shift, and go to state 25
    LLAIZQ    shift, and go to state 6
    LLADER    shift, and go to state 78
    SI        shift, and go to state 26
    MIENTRAS  shift, and go to state 27
    HACER     shift, and go to state 28
    SALIDA    shift, and go to state 29
    ENTRADA   shift, and go to state 30
    DEVOLVER  shift, and go to state 31

    bloque                 go to state 32
    Inicio_de_bloque       go to state 8
    Fin_de_bloque          go to state 79
    variable_expresion     go to state 35
    elemento_de_array      go to state 36
    Sentencia              go to state 80
    sentencia_asignacion   go to state 39
    sentencia_si           go to state 40
    sentencia_mientras     go to state 41
    sentencia_hacer_hasta  go to state 42
    sentencia_entrada      go to state 43
    sentencia_salida       go to state 44
    sentencia_retornar     go to state 45
    identificador          go to state 46


State 38

   39 Sentencias: Sentencia .

    $default  reduce using rule 39 (Sentencias)


State 39

   41 Sentencia: sentencia_asignacion .

    $default  reduce using rule 41 (Sentencia)


State 40

   42 Sentencia: sentencia_si .

    $default  reduce using rule 42 (Sentencia)


State 41

   43 Sentencia: sentencia_mientras .

    $default  reduce using rule 43 (Sentencia)


State 42

   44 Sentencia: sentencia_hacer_hasta .

    $default  reduce using rule 44 (Sentencia)


State 43

   45 Sentencia: sentencia_entrada .

    $default  reduce using rule 45 (Sentencia)


State 44

   46 Sentencia: sentencia_salida .

    $default  reduce using rule 46 (Sentencia)


State 45

   47 Sentencia: sentencia_retornar .

    $default  reduce using rule 47 (Sentencia)


State 46

   34 variable_expresion: identificador .
   36 elemento_de_array: identificador . CORIZQ expresion CORDER
   37                  | identificador . CORIZQ expresion COMA expresion CORDER

    CORIZQ  shift, and go to state 81

    $default  reduce using rule 34 (variable_expresion)


State 47

   65 lista_declaracion_variables: error .

    $default  reduce using rule 65 (lista_declaracion_variables)


State 48

   63 lista_declaracion_variables: variable .

    $default  reduce using rule 63 (lista_declaracion_variables)


State 49

   31 variable: elemento_de_array_decl .

    $default  reduce using rule 31 (variable)


State 50

   21 Cuerpo_declar_variables: tipo $@6 lista_declaracion_variables . PYC
   64 lista_declaracion_variables: lista_declaracion_variables . COMA variable

    PYC   shift, and go to state 82
    COMA  shift, and go to state 83


State 51

   30 variable: identificador .
   32 elemento_de_array_decl: identificador . CORIZQ CONSTENT CORDER
   33                       | identificador . CORIZQ CONSTENT COMA CONSTENT CORDER

    CORIZQ  shift, and go to state 84

    $default  reduce using rule 30 (variable)


State 52

   50 sentencia_si: SI PARIZQ . expresion PARDER Sentencia
   51             | SI PARIZQ . expresion PARDER Sentencia SINO Sentencia

    error     shift, and go to state 55
    OPSUMA    shift, and go to state 56
    OPRESTA   shift, and go to state 57
    OPNEG     shift, and go to state 58
    CONST     shift, and go to state 59
    CONSTENT  shift, and go to state 60
    IDEN      shift, and go to state 25
    CORIZQ    shift, and go to state 62
    PARIZQ    shift, and go to state 63

    variable_expresion  go to state 64
    elemento_de_array   go to state 36
    expresion           go to state 85
    funcion             go to state 68
    identificador       go to state 70
    constante           go to state 71


State 53

   52 sentencia_mientras: MIENTRAS PARIZQ . expresion PARDER Sentencia

    error     shift, and go to state 55
    OPSUMA    shift, and go to state 56
    OPRESTA   shift, and go to state 57
    OPNEG     shift, and go to state 58
    CONST     shift, and go to state 59
    CONSTENT  shift, and go to state 60
    IDEN      shift, and go to state 25
    CORIZQ    shift, and go to state 62
    PARIZQ    shift, and go to state 63

    variable_expresion  go to state 64
    elemento_de_array   go to state 36
    expresion           go to state 86
    funcion             go to state 68
    identificador       go to state 70
    constante           go to state 71


State 54

   53 sentencia_hacer_hasta: HACER Sentencia . HASTA PARIZQ expresion PARDER PYC

    HASTA  shift, and go to state 87


State 55

   89 expresion: error .

    $default  reduce using rule 89 (expresion)


State 56

   70 expresion: OPSUMA . expresion

    error     shift, and go to state 55
    OPSUMA    shift, and go to state 56
    OPRESTA   shift, and go to state 57
    OPNEG     shift, and go to state 58
    CONST     shift, and go to state 59
    CONSTENT  shift, and go to state 60
    IDEN      shift, and go to state 25
    CORIZQ    shift, and go to state 62
    PARIZQ    shift, and go to state 63

    variable_expresion  go to state 64
    elemento_de_array   go to state 36
    expresion           go to state 88
    funcion             go to state 68
    identificador       go to state 70
    constante           go to state 71


State 57

   71 expresion: OPRESTA . expresion

    error     shift, and go to state 55
    OPSUMA    shift, and go to state 56
    OPRESTA   shift, and go to state 57
    OPNEG     shift, and go to state 58
    CONST     shift, and go to state 59
    CONSTENT  shift, and go to state 60
    IDEN      shift, and go to state 25
    CORIZQ    shift, and go to state 62
    PARIZQ    shift, and go to state 63

    variable_expresion  go to state 64
    elemento_de_array   go to state 36
    expresion           go to state 89
    funcion             go to state 68
    identificador       go to state 70
    constante           go to state 71


State 58

   69 expresion: OPNEG . expresion

    error     shift, and go to state 55
    OPSUMA    shift, and go to state 56
    OPRESTA   shift, and go to state 57
    OPNEG     shift, and go to state 58
    CONST     shift, and go to state 59
    CONSTENT  shift, and go to state 60
    IDEN      shift, and go to state 25
    CORIZQ    shift, and go to state 62
    PARIZQ    shift, and go to state 63

    variable_expresion  go to state 64
    elemento_de_array   go to state 36
    expresion           go to state 90
    funcion             go to state 68
    identificador       go to state 70
    constante           go to state 71


State 59

   96 constante: CONST .

    $default  reduce using rule 96 (constante)


State 60

   97 constante: CONSTENT .

    $default  reduce using rule 97 (constante)


State 61

   94 cadena: CADENA .

    $default  reduce using rule 94 (cadena)


State 62

   98 constante: CORIZQ . ini_elementos_array CORDER

    error     shift, and go to state 55
    OPSUMA    shift, and go to state 56
    OPRESTA   shift, and go to state 57
    OPNEG     shift, and go to state 58
    CONST     shift, and go to state 59
    CONSTENT  shift, and go to state 60
    IDEN      shift, and go to state 25
    CORIZQ    shift, and go to state 62
    PARIZQ    shift, and go to state 63

    variable_expresion       go to state 64
    elemento_de_array        go to state 36
    expresion                go to state 91
    funcion                  go to state 68
    identificador            go to state 70
    constante                go to state 71
    ini_elementos_array      go to state 92
    lista_expresiones_array  go to state 93


State 63

   68 expresion: PARIZQ . expresion PARDER

    error     shift, and go to state 55
    OPSUMA    shift, and go to state 56
    OPRESTA   shift, and go to state 57
    OPNEG     shift, and go to state 58
    CONST     shift, and go to state 59
    CONSTENT  shift, and go to state 60
    IDEN      shift, and go to state 25
    CORIZQ    shift, and go to state 62
    PARIZQ    shift, and go to state 63

    variable_expresion  go to state 64
    elemento_de_array   go to state 36
    expresion           go to state 94
    funcion             go to state 68
    identificador       go to state 70
    constante           go to state 71


State 64

   86 expresion: variable_expresion .

    $default  reduce using rule 86 (expresion)


State 65

   55 sentencia_salida: SALIDA lista_expresiones_cadena . PYC
   57 lista_expresiones_cadena: lista_expresiones_cadena . COMA expresion_cadena

    PYC   shift, and go to state 95
    COMA  shift, and go to state 96


State 66

   58 lista_expresiones_cadena: expresion_cadena .

    $default  reduce using rule 58 (lista_expresiones_cadena)


State 67

   59 expresion_cadena: expresion .
   72 expresion: expresion . OPMULT expresion
   73          | expresion . OPDIV expresion
   74          | expresion . OPMULTM expresion
   75          | expresion . OPAND expresion
   76          | expresion . OPOR expresion
   77          | expresion . OPEQ expresion
   78          | expresion . OPNEQ expresion
   79          | expresion . OPLEQ expresion
   80          | expresion . OPGEQ expresion
   81          | expresion . OPLESS expresion
   82          | expresion . OPGR expresion
   83          | expresion . OPMOD expresion
   84          | expresion . OPSUMA expresion
   85          | expresion . OPRESTA expresion

    OPOR     shift, and go to state 97
    OPAND    shift, and go to state 98
    OPEQ     shift, and go to state 99
    OPNEQ    shift, and go to state 100
    OPLEQ    shift, and go to state 101
    OPGEQ    shift, and go to state 102
    OPLESS   shift, and go to state 103
    OPGR     shift, and go to state 104
    OPSUMA   shift, and go to state 105
    OPRESTA  shift, and go to state 106
    OPMULT   shift, and go to state 107
    OPMULTM  shift, and go to state 108
    OPDIV    shift, and go to state 109
    OPMOD    shift, and go to state 110

    $default  reduce using rule 59 (expresion_cadena)


State 68

   88 expresion: funcion .

    $default  reduce using rule 88 (expresion)


State 69

   60 expresion_cadena: cadena .

    $default  reduce using rule 60 (expresion_cadena)


State 70

   34 variable_expresion: identificador .
   36 elemento_de_array: identificador . CORIZQ expresion CORDER
   37                  | identificador . CORIZQ expresion COMA expresion CORDER
   90 funcion: identificador . PARIZQ PARDER
   92        | identificador . PARIZQ $@9 lista_expresiones PARDER

    CORIZQ  shift, and go to state 81
    PARIZQ  shift, and go to state 111

    $default  reduce using rule 34 (variable_expresion)


State 71

   87 expresion: constante .

    $default  reduce using rule 87 (expresion)


State 72

   61 lista_variables: variable .

    $default  reduce using rule 61 (lista_variables)


State 73

   54 sentencia_entrada: ENTRADA lista_variables . PYC
   62 lista_variables: lista_variables . COMA variable

    PYC   shift, and go to state 112
    COMA  shift, and go to state 113


State 74

   56 sentencia_retornar: DEVOLVER expresion . PYC
   72 expresion: expresion . OPMULT expresion
   73          | expresion . OPDIV expresion
   74          | expresion . OPMULTM expresion
   75          | expresion . OPAND expresion
   76          | expresion . OPOR expresion
   77          | expresion . OPEQ expresion
   78          | expresion . OPNEQ expresion
   79          | expresion . OPLEQ expresion
   80          | expresion . OPGEQ expresion
   81          | expresion . OPLESS expresion
   82          | expresion . OPGR expresion
   83          | expresion . OPMOD expresion
   84          | expresion . OPSUMA expresion
   85          | expresion . OPRESTA expresion

    OPOR     shift, and go to state 97
    OPAND    shift, and go to state 98
    OPEQ     shift, and go to state 99
    OPNEQ    shift, and go to state 100
    OPLEQ    shift, and go to state 101
    OPGEQ    shift, and go to state 102
    OPLESS   shift, and go to state 103
    OPGR     shift, and go to state 104
    OPSUMA   shift, and go to state 105
    OPRESTA  shift, and go to state 106
    OPMULT   shift, and go to state 107
    OPMULTM  shift, and go to state 108
    OPDIV    shift, and go to state 109
    OPMOD    shift, and go to state 110
    PYC      shift, and go to state 114


State 75

   10 Declar_subprog: $@4 Cabecera_subprog . $@5 bloque

    $default  reduce using rule 9 ($@5)

    $@5  go to state 115


State 76

   23 Cabecera_subprog: tipo . variable PARIZQ argumentos PARDER
   24                 | tipo . variable PARIZQ PARDER

    IDEN  shift, and go to state 25

    variable                go to state 116
    elemento_de_array_decl  go to state 49
    identificador           go to state 51


State 77

   48 sentencia_asignacion: variable_expresion ASIG . expresion PYC

    error     shift, and go to state 55
    OPSUMA    shift, and go to state 56
    OPRESTA   shift, and go to state 57
    OPNEG     shift, and go to state 58
    CONST     shift, and go to state 59
    CONSTENT  shift, and go to state 60
    IDEN      shift, and go to state 25
    CORIZQ    shift, and go to state 62
    PARIZQ    shift, and go to state 63

    variable_expresion  go to state 64
    elemento_de_array   go to state 36
    expresion           go to state 117
    funcion             go to state 68
    identificador       go to state 70
    constante           go to state 71


State 78

   17 Fin_de_bloque: LLADER .

    $default  reduce using rule 17 (Fin_de_bloque)


State 79

    5 bloque: Inicio_de_bloque $@2 Declar_de_variables_locales $@3 Declar_subprogs Sentencias Fin_de_bloque .

    $default  reduce using rule 5 (bloque)


State 80

   38 Sentencias: Sentencias Sentencia .

    $default  reduce using rule 38 (Sentencias)


State 81

   36 elemento_de_array: identificador CORIZQ . expresion CORDER
   37                  | identificador CORIZQ . expresion COMA expresion CORDER

    error     shift, and go to state 55
    OPSUMA    shift, and go to state 56
    OPRESTA   shift, and go to state 57
    OPNEG     shift, and go to state 58
    CONST     shift, and go to state 59
    CONSTENT  shift, and go to state 60
    IDEN      shift, and go to state 25
    CORIZQ    shift, and go to state 62
    PARIZQ    shift, and go to state 63

    variable_expresion  go to state 64
    elemento_de_array   go to state 36
    expresion           go to state 118
    funcion             go to state 68
    identificador       go to state 70
    constante           go to state 71


State 82

   21 Cuerpo_declar_variables: tipo $@6 lista_declaracion_variables PYC .

    $default  reduce using rule 21 (Cuerpo_declar_variables)


State 83

   64 lista_declaracion_variables: lista_declaracion_variables COMA . variable

    IDEN  shift, and go to state 25

    variable                go to state 119
    elemento_de_array_decl  go to state 49
    identificador           go to state 51


State 84

   32 elemento_de_array_decl: identificador CORIZQ . CONSTENT CORDER
   33                       | identificador CORIZQ . CONSTENT COMA CONSTENT CORDER

    CONSTENT  shift, and go to state 120


State 85

   50 sentencia_si: SI PARIZQ expresion . PARDER Sentencia
   51             | SI PARIZQ expresion . PARDER Sentencia SINO Sentencia
   72 expresion: expresion . OPMULT expresion
   73          | expresion . OPDIV expresion
   74          | expresion . OPMULTM expresion
   75          | expresion . OPAND expresion
   76          | expresion . OPOR expresion
   77          | expresion . OPEQ expresion
   78          | expresion . OPNEQ expresion
   79          | expresion . OPLEQ expresion
   80          | expresion . OPGEQ expresion
   81          | expresion . OPLESS expresion
   82          | expresion . OPGR expresion
   83          | expresion . OPMOD expresion
   84          | expresion . OPSUMA expresion
   85          | expresion . OPRESTA expresion

    OPOR     shift, and go to state 97
    OPAND    shift, and go to state 98
    OPEQ     shift, and go to state 99
    OPNEQ    shift, and go to state 100
    OPLEQ    shift, and go to state 101
    OPGEQ    shift, and go to state 102
    OPLESS   shift, and go to state 103
    OPGR     shift, and go to state 104
    OPSUMA   shift, and go to state 105
    OPRESTA  shift, and go to state 106
    OPMULT   shift, and go to state 107
    OPMULTM  shift, and go to state 108
    OPDIV    shift, and go to state 109
    OPMOD    shift, and go to state 110
    PARDER   shift, and go to state 121


State 86

   52 sentencia_mientras: MIENTRAS PARIZQ expresion . PARDER Sentencia
   72 expresion: expresion . OPMULT expresion
   73          | expresion . OPDIV expresion
   74          | expresion . OPMULTM expresion
   75          | expresion . OPAND expresion
   76          | expresion . OPOR expresion
   77          | expresion . OPEQ expresion
   78          | expresion . OPNEQ expresion
   79          | expresion . OPLEQ expresion
   80          | expresion . OPGEQ expresion
   81          | expresion . OPLESS expresion
   82          | expresion . OPGR expresion
   83          | expresion . OPMOD expresion
   84          | expresion . OPSUMA expresion
   85          | expresion . OPRESTA expresion

    OPOR     shift, and go to state 97
    OPAND    shift, and go to state 98
    OPEQ     shift, and go to state 99
    OPNEQ    shift, and go to state 100
    OPLEQ    shift, and go to state 101
    OPGEQ    shift, and go to state 102
    OPLESS   shift, and go to state 103
    OPGR     shift, and go to state 104
    OPSUMA   shift, and go to state 105
    OPRESTA  shift, and go to state 106
    OPMULT   shift, and go to state 107
    OPMULTM  shift, and go to state 108
    OPDIV    shift, and go to state 109
    OPMOD    shift, and go to state 110
    PARDER   shift, and go to state 122


State 87

   53 sentencia_hacer_hasta: HACER Sentencia HASTA . PARIZQ expresion PARDER PYC

    PARIZQ  shift, and go to state 123


State 88

   70 expresion: OPSUMA expresion .
   72          | expresion . OPMULT expresion
   73          | expresion . OPDIV expresion
   74          | expresion . OPMULTM expresion
   75          | expresion . OPAND expresion
   76          | expresion . OPOR expresion
   77          | expresion . OPEQ expresion
   78          | expresion . OPNEQ expresion
   79          | expresion . OPLEQ expresion
   80          | expresion . OPGEQ expresion
   81          | expresion . OPLESS expresion
   82          | expresion . OPGR expresion
   83          | expresion . OPMOD expresion
   84          | expresion . OPSUMA expresion
   85          | expresion . OPRESTA expresion

    OPMULT   shift, and go to state 107
    OPMULTM  shift, and go to state 108
    OPDIV    shift, and go to state 109
    OPMOD    shift, and go to state 110

    $default  reduce using rule 70 (expresion)


State 89

   71 expresion: OPRESTA expresion .
   72          | expresion . OPMULT expresion
   73          | expresion . OPDIV expresion
   74          | expresion . OPMULTM expresion
   75          | expresion . OPAND expresion
   76          | expresion . OPOR expresion
   77          | expresion . OPEQ expresion
   78          | expresion . OPNEQ expresion
   79          | expresion . OPLEQ expresion
   80          | expresion . OPGEQ expresion
   81          | expresion . OPLESS expresion
   82          | expresion . OPGR expresion
   83          | expresion . OPMOD expresion
   84          | expresion . OPSUMA expresion
   85          | expresion . OPRESTA expresion

    $default  reduce using rule 71 (expresion)


State 90

   69 expresion: OPNEG expresion .
   72          | expresion . OPMULT expresion
   73          | expresion . OPDIV expresion
   74          | expresion . OPMULTM expresion
   75          | expresion . OPAND expresion
   76          | expresion . OPOR expresion
   77          | expresion . OPEQ expresion
   78          | expresion . OPNEQ expresion
   79          | expresion . OPLEQ expresion
   80          | expresion . OPGEQ expresion
   81          | expresion . OPLESS expresion
   82          | expresion . OPGR expresion
   83          | expresion . OPMOD expresion
   84          | expresion . OPSUMA expresion
   85          | expresion . OPRESTA expresion

    $default  reduce using rule 69 (expresion)


State 91

   72 expresion: expresion . OPMULT expresion
   73          | expresion . OPDIV expresion
   74          | expresion . OPMULTM expresion
   75          | expresion . OPAND expresion
   76          | expresion . OPOR expresion
   77          | expresion . OPEQ expresion
   78          | expresion . OPNEQ expresion
   79          | expresion . OPLEQ expresion
   80          | expresion . OPGEQ expresion
   81          | expresion . OPLESS expresion
   82          | expresion . OPGR expresion
   83          | expresion . OPMOD expresion
   84          | expresion . OPSUMA expresion
   85          | expresion . OPRESTA expresion
  101 lista_expresiones_array: expresion .

    OPOR     shift, and go to state 97
    OPAND    shift, and go to state 98
    OPEQ     shift, and go to state 99
    OPNEQ    shift, and go to state 100
    OPLEQ    shift, and go to state 101
    OPGEQ    shift, and go to state 102
    OPLESS   shift, and go to state 103
    OPGR     shift, and go to state 104
    OPSUMA   shift, and go to state 105
    OPRESTA  shift, and go to state 106
    OPMULT   shift, and go to state 107
    OPMULTM  shift, and go to state 108
    OPDIV    shift, and go to state 109
    OPMOD    shift, and go to state 110

    $default  reduce using rule 101 (lista_expresiones_array)


State 92

   98 constante: CORIZQ ini_elementos_array . CORDER
   99 ini_elementos_array: ini_elementos_array . PYC lista_expresiones_array

    CORDER  shift, and go to state 124
    PYC     shift, and go to state 125


State 93

  100 ini_elementos_array: lista_expresiones_array .
  102 lista_expresiones_array: lista_expresiones_array . COMA expresion

    COMA  shift, and go to state 126

    $default  reduce using rule 100 (ini_elementos_array)


State 94

   68 expresion: PARIZQ expresion . PARDER
   72          | expresion . OPMULT expresion
   73          | expresion . OPDIV expresion
   74          | expresion . OPMULTM expresion
   75          | expresion . OPAND expresion
   76          | expresion . OPOR expresion
   77          | expresion . OPEQ expresion
   78          | expresion . OPNEQ expresion
   79          | expresion . OPLEQ expresion
   80          | expresion . OPGEQ expresion
   81          | expresion . OPLESS expresion
   82          | expresion . OPGR expresion
   83          | expresion . OPMOD expresion
   84          | expresion . OPSUMA expresion
   85          | expresion . OPRESTA expresion

    OPOR     shift, and go to state 97
    OPAND    shift, and go to state 98
    OPEQ     shift, and go to state 99
    OPNEQ    shift, and go to state 100
    OPLEQ    shift, and go to state 101
    OPGEQ    shift, and go to state 102
    OPLESS   shift, and go to state 103
    OPGR     shift, and go to state 104
    OPSUMA   shift, and go to state 105
    OPRESTA  shift, and go to state 106
    OPMULT   shift, and go to state 107
    OPMULTM  shift, and go to state 108
    OPDIV    shift, and go to state 109
    OPMOD    shift, and go to state 110
    PARDER   shift, and go to state 127


State 95

   55 sentencia_salida: SALIDA lista_expresiones_cadena PYC .

    $default  reduce using rule 55 (sentencia_salida)


State 96

   57 lista_expresiones_cadena: lista_expresiones_cadena COMA . expresion_cadena

    error     shift, and go to state 55
    OPSUMA    shift, and go to state 56
    OPRESTA   shift, and go to state 57
    OPNEG     shift, and go to state 58
    CONST     shift, and go to state 59
    CONSTENT  shift, and go to state 60
    IDEN      shift, and go to state 25
    CADENA    shift, and go to state 61
    CORIZQ    shift, and go to state 62
    PARIZQ    shift, and go to state 63

    variable_expresion  go to state 64
    elemento_de_array   go to state 36
    expresion_cadena    go to state 128
    expresion           go to state 67
    funcion             go to state 68
    cadena              go to state 69
    identificador       go to state 70
    constante           go to state 71


State 97

   76 expresion: expresion OPOR . expresion

    error     shift, and go to state 55
    OPSUMA    shift, and go to state 56
    OPRESTA   shift, and go to state 57
    OPNEG     shift, and go to state 58
    CONST     shift, and go to state 59
    CONSTENT  shift, and go to state 60
    IDEN      shift, and go to state 25
    CORIZQ    shift, and go to state 62
    PARIZQ    shift, and go to state 63

    variable_expresion  go to state 64
    elemento_de_array   go to state 36
    expresion           go to state 129
    funcion             go to state 68
    identificador       go to state 70
    constante           go to state 71


State 98

   75 expresion: expresion OPAND . expresion

    error     shift, and go to state 55
    OPSUMA    shift, and go to state 56
    OPRESTA   shift, and go to state 57
    OPNEG     shift, and go to state 58
    CONST     shift, and go to state 59
    CONSTENT  shift, and go to state 60
    IDEN      shift, and go to state 25
    CORIZQ    shift, and go to state 62
    PARIZQ    shift, and go to state 63

    variable_expresion  go to state 64
    elemento_de_array   go to state 36
    expresion           go to state 130
    funcion             go to state 68
    identificador       go to state 70
    constante           go to state 71


State 99

   77 expresion: expresion OPEQ . expresion

    error     shift, and go to state 55
    OPSUMA    shift, and go to state 56
    OPRESTA   shift, and go to state 57
    OPNEG     shift, and go to state 58
    CONST     shift, and go to state 59
    CONSTENT  shift, and go to state 60
    IDEN      shift, and go to state 25
    CORIZQ    shift, and go to state 62
    PARIZQ    shift, and go to state 63

    variable_expresion  go to state 64
    elemento_de_array   go to state 36
    expresion           go to state 131
    funcion             go to state 68
    identificador       go to state 70
    constante           go to state 71


State 100

   78 expresion: expresion OPNEQ . expresion

    error     shift, and go to state 55
    OPSUMA    shift, and go to state 56
    OPRESTA   shift, and go to state 57
    OPNEG     shift, and go to state 58
    CONST     shift, and go to state 59
    CONSTENT  shift, and go to state 60
    IDEN      shift, and go to state 25
    CORIZQ    shift, and go to state 62
    PARIZQ    shift, and go to state 63

    variable_expresion  go to state 64
    elemento_de_array   go to state 36
    expresion           go to state 132
    funcion             go to state 68
    identificador       go to state 70
    constante           go to state 71


State 101

   79 expresion: expresion OPLEQ . expresion

    error     shift, and go to state 55
    OPSUMA    shift, and go to state 56
    OPRESTA   shift, and go to state 57
    OPNEG     shift, and go to state 58
    CONST     shift, and go to state 59
    CONSTENT  shift, and go to state 60
    IDEN      shift, and go to state 25
    CORIZQ    shift, and go to state 62
    PARIZQ    shift, and go to state 63

    variable_expresion  go to state 64
    elemento_de_array   go to state 36
    expresion           go to state 133
    funcion             go to state 68
    identificador       go to state 70
    constante           go to state 71


State 102

   80 expresion: expresion OPGEQ . expresion

    error     shift, and go to state 55
    OPSUMA    shift, and go to state 56
    OPRESTA   shift, and go to state 57
    OPNEG     shift, and go to state 58
    CONST     shift, and go to state 59
    CONSTENT  shift, and go to state 60
    IDEN      shift, and go to state 25
    CORIZQ    shift, and go to state 62
    PARIZQ    shift, and go to state 63

    variable_expresion  go to state 64
    elemento_de_array   go to state 36
    expresion           go to state 134
    funcion             go to state 68
    identificador       go to state 70
    constante           go to state 71


State 103

   81 expresion: expresion OPLESS . expresion

    error     shift, and go to state 55
    OPSUMA    shift, and go to state 56
    OPRESTA   shift, and go to state 57
    OPNEG     shift, and go to state 58
    CONST     shift, and go to state 59
    CONSTENT  shift, and go to state 60
    IDEN      shift, and go to state 25
    CORIZQ    shift, and go to state 62
    PARIZQ    shift, and go to state 63

    variable_expresion  go to state 64
    elemento_de_array   go to state 36
    expresion           go to state 135
    funcion             go to state 68
    identificador       go to state 70
    constante           go to state 71


State 104

   82 expresion: expresion OPGR . expresion

    error     shift, and go to state 55
    OPSUMA    shift, and go to state 56
    OPRESTA   shift, and go to state 57
    OPNEG     shift, and go to state 58
    CONST     shift, and go to state 59
    CONSTENT  shift, and go to state 60
    IDEN      shift, and go to state 25
    CORIZQ    shift, and go to state 62
    PARIZQ    shift, and go to state 63

    variable_expresion  go to state 64
    elemento_de_array   go to state 36
    expresion           go to state 136
    funcion             go to state 68
    identificador       go to state 70
    constante           go to state 71


State 105

   84 expresion: expresion OPSUMA . expresion

    error     shift, and go to state 55
    OPSUMA    shift, and go to state 56
    OPRESTA   shift, and go to state 57
    OPNEG     shift, and go to state 58
    CONST     shift, and go to state 59
    CONSTENT  shift, and go to state 60
    IDEN      shift, and go to state 25
    CORIZQ    shift, and go to state 62
    PARIZQ    shift, and go to state 63

    variable_expresion  go to state 64
    elemento_de_array   go to state 36
    expresion           go to state 137
    funcion             go to state 68
    identificador       go to state 70
    constante           go to state 71


State 106

   85 expresion: expresion OPRESTA . expresion

    error     shift, and go to state 55
    OPSUMA    shift, and go to state 56
    OPRESTA   shift, and go to state 57
    OPNEG     shift, and go to state 58
    CONST     shift, and go to state 59
    CONSTENT  shift, and go to state 60
    IDEN      shift, and go to state 25
    CORIZQ    shift, and go to state 62
    PARIZQ    shift, and go to state 63

    variable_expresion  go to state 64
    elemento_de_array   go to state 36
    expresion           go to state 138
    funcion             go to state 68
    identificador       go to state 70
    constante           go to state 71


State 107

   72 expresion: expresion OPMULT . expresion

    error     shift, and go to state 55
    OPSUMA    shift, and go to state 56
    OPRESTA   shift, and go to state 57
    OPNEG     shift, and go to state 58
    CONST     shift, and go to state 59
    CONSTENT  shift, and go to state 60
    IDEN      shift, and go to state 25
    CORIZQ    shift, and go to state 62
    PARIZQ    shift, and go to state 63

    variable_expresion  go to state 64
    elemento_de_array   go to state 36
    expresion           go to state 139
    funcion             go to state 68
    identificador       go to state 70
    constante           go to state 71


State 108

   74 expresion: expresion OPMULTM . expresion

    error     shift, and go to state 55
    OPSUMA    shift, and go to state 56
    OPRESTA   shift, and go to state 57
    OPNEG     shift, and go to state 58
    CONST     shift, and go to state 59
    CONSTENT  shift, and go to state 60
    IDEN      shift, and go to state 25
    CORIZQ    shift, and go to state 62
    PARIZQ    shift, and go to state 63

    variable_expresion  go to state 64
    elemento_de_array   go to state 36
    expresion           go to state 140
    funcion             go to state 68
    identificador       go to state 70
    constante           go to state 71


State 109

   73 expresion: expresion OPDIV . expresion

    error     shift, and go to state 55
    OPSUMA    shift, and go to state 56
    OPRESTA   shift, and go to state 57
    OPNEG     shift, and go to state 58
    CONST     shift, and go to state 59
    CONSTENT  shift, and go to state 60
    IDEN      shift, and go to state 25
    CORIZQ    shift, and go to state 62
    PARIZQ    shift, and go to state 63

    variable_expresion  go to state 64
    elemento_de_array   go to state 36
    expresion           go to state 141
    funcion             go to state 68
    identificador       go to state 70
    constante           go to state 71


State 110

   83 expresion: expresion OPMOD . expresion

    error     shift, and go to state 55
    OPSUMA    shift, and go to state 56
    OPRESTA   shift, and go to state 57
    OPNEG     shift, and go to state 58
    CONST     shift, and go to state 59
    CONSTENT  shift, and go to state 60
    IDEN      shift, and go to state 25
    CORIZQ    shift, and go to state 62
    PARIZQ    shift, and go to state 63

    variable_expresion  go to state 64
    elemento_de_array   go to state 36
    expresion           go to state 142
    funcion             go to state 68
    identificador       go to state 70
    constante           go to state 71


State 111

   90 funcion: identificador PARIZQ . PARDER
   92        | identificador PARIZQ . $@9 lista_expresiones PARDER

    PARDER  shift, and go to state 143

    $default  reduce using rule 91 ($@9)

    $@9  go to state 144


State 112

   54 sentencia_entrada: ENTRADA lista_variables PYC .

    $default  reduce using rule 54 (sentencia_entrada)


State 113

   62 lista_variables: lista_variables COMA . variable

    IDEN  shift, and go to state 25

    variable                go to state 145
    elemento_de_array_decl  go to state 49
    identificador           go to state 51


State 114

   56 sentencia_retornar: DEVOLVER expresion PYC .

    $default  reduce using rule 56 (sentencia_retornar)


State 115

   10 Declar_subprog: $@4 Cabecera_subprog $@5 . bloque

    LLAIZQ  shift, and go to state 6

    bloque            go to state 146
    Inicio_de_bloque  go to state 8


State 116

   23 Cabecera_subprog: tipo variable . PARIZQ argumentos PARDER
   24                 | tipo variable . PARIZQ PARDER

    PARIZQ  shift, and go to state 147


State 117

   48 sentencia_asignacion: variable_expresion ASIG expresion . PYC
   72 expresion: expresion . OPMULT expresion
   73          | expresion . OPDIV expresion
   74          | expresion . OPMULTM expresion
   75          | expresion . OPAND expresion
   76          | expresion . OPOR expresion
   77          | expresion . OPEQ expresion
   78          | expresion . OPNEQ expresion
   79          | expresion . OPLEQ expresion
   80          | expresion . OPGEQ expresion
   81          | expresion . OPLESS expresion
   82          | expresion . OPGR expresion
   83          | expresion . OPMOD expresion
   84          | expresion . OPSUMA expresion
   85          | expresion . OPRESTA expresion

    OPOR     shift, and go to state 97
    OPAND    shift, and go to state 98
    OPEQ     shift, and go to state 99
    OPNEQ    shift, and go to state 100
    OPLEQ    shift, and go to state 101
    OPGEQ    shift, and go to state 102
    OPLESS   shift, and go to state 103
    OPGR     shift, and go to state 104
    OPSUMA   shift, and go to state 105
    OPRESTA  shift, and go to state 106
    OPMULT   shift, and go to state 107
    OPMULTM  shift, and go to state 108
    OPDIV    shift, and go to state 109
    OPMOD    shift, and go to state 110
    PYC      shift, and go to state 148


State 118

   36 elemento_de_array: identificador CORIZQ expresion . CORDER
   37                  | identificador CORIZQ expresion . COMA expresion CORDER
   72 expresion: expresion . OPMULT expresion
   73          | expresion . OPDIV expresion
   74          | expresion . OPMULTM expresion
   75          | expresion . OPAND expresion
   76          | expresion . OPOR expresion
   77          | expresion . OPEQ expresion
   78          | expresion . OPNEQ expresion
   79          | expresion . OPLEQ expresion
   80          | expresion . OPGEQ expresion
   81          | expresion . OPLESS expresion
   82          | expresion . OPGR expresion
   83          | expresion . OPMOD expresion
   84          | expresion . OPSUMA expresion
   85          | expresion . OPRESTA expresion

    OPOR     shift, and go to state 97
    OPAND    shift, and go to state 98
    OPEQ     shift, and go to state 99
    OPNEQ    shift, and go to state 100
    OPLEQ    shift, and go to state 101
    OPGEQ    shift, and go to state 102
    OPLESS   shift, and go to state 103
    OPGR     shift, and go to state 104
    OPSUMA   shift, and go to state 105
    OPRESTA  shift, and go to state 106
    OPMULT   shift, and go to state 107
    OPMULTM  shift, and go to state 108
    OPDIV    shift, and go to state 109
    OPMOD    shift, and go to state 110
    CORDER   shift, and go to state 149
    COMA     shift, and go to state 150


State 119

   64 lista_declaracion_variables: lista_declaracion_variables COMA variable .

    $default  reduce using rule 64 (lista_declaracion_variables)


State 120

   32 elemento_de_array_decl: identificador CORIZQ CONSTENT . CORDER
   33                       | identificador CORIZQ CONSTENT . COMA CONSTENT CORDER

    CORDER  shift, and go to state 151
    COMA    shift, and go to state 152


State 121

   50 sentencia_si: SI PARIZQ expresion PARDER . Sentencia
   51             | SI PARIZQ expresion PARDER . Sentencia SINO Sentencia

    error     shift, and go to state 24
    IDEN      shift, and go to state 25
    LLAIZQ    shift, and go to state 6
    SI        shift, and go to state 26
    MIENTRAS  shift, and go to state 27
    HACER     shift, and go to state 28
    SALIDA    shift, and go to state 29
    ENTRADA   shift, and go to state 30
    DEVOLVER  shift, and go to state 31

    bloque                 go to state 32
    Inicio_de_bloque       go to state 8
    variable_expresion     go to state 35
    elemento_de_array      go to state 36
    Sentencia              go to state 153
    sentencia_asignacion   go to state 39
    sentencia_si           go to state 40
    sentencia_mientras     go to state 41
    sentencia_hacer_hasta  go to state 42
    sentencia_entrada      go to state 43
    sentencia_salida       go to state 44
    sentencia_retornar     go to state 45
    identificador          go to state 46


State 122

   52 sentencia_mientras: MIENTRAS PARIZQ expresion PARDER . Sentencia

    error     shift, and go to state 24
    IDEN      shift, and go to state 25
    LLAIZQ    shift, and go to state 6
    SI        shift, and go to state 26
    MIENTRAS  shift, and go to state 27
    HACER     shift, and go to state 28
    SALIDA    shift, and go to state 29
    ENTRADA   shift, and go to state 30
    DEVOLVER  shift, and go to state 31

    bloque                 go to state 32
    Inicio_de_bloque       go to state 8
    variable_expresion     go to state 35
    elemento_de_array      go to state 36
    Sentencia              go to state 154
    sentencia_asignacion   go to state 39
    sentencia_si           go to state 40
    sentencia_mientras     go to state 41
    sentencia_hacer_hasta  go to state 42
    sentencia_entrada      go to state 43
    sentencia_salida       go to state 44
    sentencia_retornar     go to state 45
    identificador          go to state 46


State 123

   53 sentencia_hacer_hasta: HACER Sentencia HASTA PARIZQ . expresion PARDER PYC

    error     shift, and go to state 55
    OPSUMA    shift, and go to state 56
    OPRESTA   shift, and go to state 57
    OPNEG     shift, and go to state 58
    CONST     shift, and go to state 59
    CONSTENT  shift, and go to state 60
    IDEN      shift, and go to state 25
    CORIZQ    shift, and go to state 62
    PARIZQ    shift, and go to state 63

    variable_expresion  go to state 64
    elemento_de_array   go to state 36
    expresion           go to state 155
    funcion             go to state 68
    identificador       go to state 70
    constante           go to state 71


State 124

   98 constante: CORIZQ ini_elementos_array CORDER .

    $default  reduce using rule 98 (constante)


State 125

   99 ini_elementos_array: ini_elementos_array PYC . lista_expresiones_array

    error     shift, and go to state 55
    OPSUMA    shift, and go to state 56
    OPRESTA   shift, and go to state 57
    OPNEG     shift, and go to state 58
    CONST     shift, and go to state 59
    CONSTENT  shift, and go to state 60
    IDEN      shift, and go to state 25
    CORIZQ    shift, and go to state 62
    PARIZQ    shift, and go to state 63

    variable_expresion       go to state 64
    elemento_de_array        go to state 36
    expresion                go to state 91
    funcion                  go to state 68
    identificador            go to state 70
    constante                go to state 71
    lista_expresiones_array  go to state 156


State 126

  102 lista_expresiones_array: lista_expresiones_array COMA . expresion

    error     shift, and go to state 55
    OPSUMA    shift, and go to state 56
    OPRESTA   shift, and go to state 57
    OPNEG     shift, and go to state 58
    CONST     shift, and go to state 59
    CONSTENT  shift, and go to state 60
    IDEN      shift, and go to state 25
    CORIZQ    shift, and go to state 62
    PARIZQ    shift, and go to state 63

    variable_expresion  go to state 64
    elemento_de_array   go to state 36
    expresion           go to state 157
    funcion             go to state 68
    identificador       go to state 70
    constante           go to state 71


State 127

   68 expresion: PARIZQ expresion PARDER .

    $default  reduce using rule 68 (expresion)


State 128

   57 lista_expresiones_cadena: lista_expresiones_cadena COMA expresion_cadena .

    $default  reduce using rule 57 (lista_expresiones_cadena)


State 129

   72 expresion: expresion . OPMULT expresion
   73          | expresion . OPDIV expresion
   74          | expresion . OPMULTM expresion
   75          | expresion . OPAND expresion
   76          | expresion . OPOR expresion
   76          | expresion OPOR expresion .
   77          | expresion . OPEQ expresion
   78          | expresion . OPNEQ expresion
   79          | expresion . OPLEQ expresion
   80          | expresion . OPGEQ expresion
   81          | expresion . OPLESS expresion
   82          | expresion . OPGR expresion
   83          | expresion . OPMOD expresion
   84          | expresion . OPSUMA expresion
   85          | expresion . OPRESTA expresion

    OPAND    shift, and go to state 98
    OPEQ     shift, and go to state 99
    OPNEQ    shift, and go to state 100
    OPLEQ    shift, and go to state 101
    OPGEQ    shift, and go to state 102
    OPLESS   shift, and go to state 103
    OPGR     shift, and go to state 104
    OPSUMA   shift, and go to state 105
    OPRESTA  shift, and go to state 106
    OPMULT   shift, and go to state 107
    OPMULTM  shift, and go to state 108
    OPDIV    shift, and go to state 109
    OPMOD    shift, and go to state 110

    $default  reduce using rule 76 (expresion)


State 130

   72 expresion: expresion . OPMULT expresion
   73          | expresion . OPDIV expresion
   74          | expresion . OPMULTM expresion
   75          | expresion . OPAND expresion
   75          | expresion OPAND expresion .
   76          | expresion . OPOR expresion
   77          | expresion . OPEQ expresion
   78          | expresion . OPNEQ expresion
   79          | expresion . OPLEQ expresion
   80          | expresion . OPGEQ expresion
   81          | expresion . OPLESS expresion
   82          | expresion . OPGR expresion
   83          | expresion . OPMOD expresion
   84          | expresion . OPSUMA expresion
   85          | expresion . OPRESTA expresion

    OPEQ     shift, and go to state 99
    OPNEQ    shift, and go to state 100
    OPLEQ    shift, and go to state 101
    OPGEQ    shift, and go to state 102
    OPLESS   shift, and go to state 103
    OPGR     shift, and go to state 104
    OPSUMA   shift, and go to state 105
    OPRESTA  shift, and go to state 106
    OPMULT   shift, and go to state 107
    OPMULTM  shift, and go to state 108
    OPDIV    shift, and go to state 109
    OPMOD    shift, and go to state 110

    $default  reduce using rule 75 (expresion)


State 131

   72 expresion: expresion . OPMULT expresion
   73          | expresion . OPDIV expresion
   74          | expresion . OPMULTM expresion
   75          | expresion . OPAND expresion
   76          | expresion . OPOR expresion
   77          | expresion . OPEQ expresion
   77          | expresion OPEQ expresion .
   78          | expresion . OPNEQ expresion
   79          | expresion . OPLEQ expresion
   80          | expresion . OPGEQ expresion
   81          | expresion . OPLESS expresion
   82          | expresion . OPGR expresion
   83          | expresion . OPMOD expresion
   84          | expresion . OPSUMA expresion
   85          | expresion . OPRESTA expresion

    OPLEQ    shift, and go to state 101
    OPGEQ    shift, and go to state 102
    OPLESS   shift, and go to state 103
    OPGR     shift, and go to state 104
    OPSUMA   shift, and go to state 105
    OPRESTA  shift, and go to state 106
    OPMULT   shift, and go to state 107
    OPMULTM  shift, and go to state 108
    OPDIV    shift, and go to state 109
    OPMOD    shift, and go to state 110

    $default  reduce using rule 77 (expresion)


State 132

   72 expresion: expresion . OPMULT expresion
   73          | expresion . OPDIV expresion
   74          | expresion . OPMULTM expresion
   75          | expresion . OPAND expresion
   76          | expresion . OPOR expresion
   77          | expresion . OPEQ expresion
   78          | expresion . OPNEQ expresion
   78          | expresion OPNEQ expresion .
   79          | expresion . OPLEQ expresion
   80          | expresion . OPGEQ expresion
   81          | expresion . OPLESS expresion
   82          | expresion . OPGR expresion
   83          | expresion . OPMOD expresion
   84          | expresion . OPSUMA expresion
   85          | expresion . OPRESTA expresion

    OPLEQ    shift, and go to state 101
    OPGEQ    shift, and go to state 102
    OPLESS   shift, and go to state 103
    OPGR     shift, and go to state 104
    OPSUMA   shift, and go to state 105
    OPRESTA  shift, and go to state 106
    OPMULT   shift, and go to state 107
    OPMULTM  shift, and go to state 108
    OPDIV    shift, and go to state 109
    OPMOD    shift, and go to state 110

    $default  reduce using rule 78 (expresion)


State 133

   72 expresion: expresion . OPMULT expresion
   73          | expresion . OPDIV expresion
   74          | expresion . OPMULTM expresion
   75          | expresion . OPAND expresion
   76          | expresion . OPOR expresion
   77          | expresion . OPEQ expresion
   78          | expresion . OPNEQ expresion
   79          | expresion . OPLEQ expresion
   79          | expresion OPLEQ expresion .
   80          | expresion . OPGEQ expresion
   81          | expresion . OPLESS expresion
   82          | expresion . OPGR expresion
   83          | expresion . OPMOD expresion
   84          | expresion . OPSUMA expresion
   85          | expresion . OPRESTA expresion

    OPSUMA   shift, and go to state 105
    OPRESTA  shift, and go to state 106
    OPMULT   shift, and go to state 107
    OPMULTM  shift, and go to state 108
    OPDIV    shift, and go to state 109
    OPMOD    shift, and go to state 110

    $default  reduce using rule 79 (expresion)


State 134

   72 expresion: expresion . OPMULT expresion
   73          | expresion . OPDIV expresion
   74          | expresion . OPMULTM expresion
   75          | expresion . OPAND expresion
   76          | expresion . OPOR expresion
   77          | expresion . OPEQ expresion
   78          | expresion . OPNEQ expresion
   79          | expresion . OPLEQ expresion
   80          | expresion . OPGEQ expresion
   80          | expresion OPGEQ expresion .
   81          | expresion . OPLESS expresion
   82          | expresion . OPGR expresion
   83          | expresion . OPMOD expresion
   84          | expresion . OPSUMA expresion
   85          | expresion . OPRESTA expresion

    OPSUMA   shift, and go to state 105
    OPRESTA  shift, and go to state 106
    OPMULT   shift, and go to state 107
    OPMULTM  shift, and go to state 108
    OPDIV    shift, and go to state 109
    OPMOD    shift, and go to state 110

    $default  reduce using rule 80 (expresion)


State 135

   72 expresion: expresion . OPMULT expresion
   73          | expresion . OPDIV expresion
   74          | expresion . OPMULTM expresion
   75          | expresion . OPAND expresion
   76          | expresion . OPOR expresion
   77          | expresion . OPEQ expresion
   78          | expresion . OPNEQ expresion
   79          | expresion . OPLEQ expresion
   80          | expresion . OPGEQ expresion
   81          | expresion . OPLESS expresion
   81          | expresion OPLESS expresion .
   82          | expresion . OPGR expresion
   83          | expresion . OPMOD expresion
   84          | expresion . OPSUMA expresion
   85          | expresion . OPRESTA expresion

    OPSUMA   shift, and go to state 105
    OPRESTA  shift, and go to state 106
    OPMULT   shift, and go to state 107
    OPMULTM  shift, and go to state 108
    OPDIV    shift, and go to state 109
    OPMOD    shift, and go to state 110

    $default  reduce using rule 81 (expresion)


State 136

   72 expresion: expresion . OPMULT expresion
   73          | expresion . OPDIV expresion
   74          | expresion . OPMULTM expresion
   75          | expresion . OPAND expresion
   76          | expresion . OPOR expresion
   77          | expresion . OPEQ expresion
   78          | expresion . OPNEQ expresion
   79          | expresion . OPLEQ expresion
   80          | expresion . OPGEQ expresion
   81          | expresion . OPLESS expresion
   82          | expresion . OPGR expresion
   82          | expresion OPGR expresion .
   83          | expresion . OPMOD expresion
   84          | expresion . OPSUMA expresion
   85          | expresion . OPRESTA expresion

    OPSUMA   shift, and go to state 105
    OPRESTA  shift, and go to state 106
    OPMULT   shift, and go to state 107
    OPMULTM  shift, and go to state 108
    OPDIV    shift, and go to state 109
    OPMOD    shift, and go to state 110

    $default  reduce using rule 82 (expresion)


State 137

   72 expresion: expresion . OPMULT expresion
   73          | expresion . OPDIV expresion
   74          | expresion . OPMULTM expresion
   75          | expresion . OPAND expresion
   76          | expresion . OPOR expresion
   77          | expresion . OPEQ expresion
   78          | expresion . OPNEQ expresion
   79          | expresion . OPLEQ expresion
   80          | expresion . OPGEQ expresion
   81          | expresion . OPLESS expresion
   82          | expresion . OPGR expresion
   83          | expresion . OPMOD expresion
   84          | expresion . OPSUMA expresion
   84          | expresion OPSUMA expresion .
   85          | expresion . OPRESTA expresion

    OPMULT   shift, and go to state 107
    OPMULTM  shift, and go to state 108
    OPDIV    shift, and go to state 109
    OPMOD    shift, and go to state 110

    $default  reduce using rule 84 (expresion)


State 138

   72 expresion: expresion . OPMULT expresion
   73          | expresion . OPDIV expresion
   74          | expresion . OPMULTM expresion
   75          | expresion . OPAND expresion
   76          | expresion . OPOR expresion
   77          | expresion . OPEQ expresion
   78          | expresion . OPNEQ expresion
   79          | expresion . OPLEQ expresion
   80          | expresion . OPGEQ expresion
   81          | expresion . OPLESS expresion
   82          | expresion . OPGR expresion
   83          | expresion . OPMOD expresion
   84          | expresion . OPSUMA expresion
   85          | expresion . OPRESTA expresion
   85          | expresion OPRESTA expresion .

    OPMULT   shift, and go to state 107
    OPMULTM  shift, and go to state 108
    OPDIV    shift, and go to state 109
    OPMOD    shift, and go to state 110

    $default  reduce using rule 85 (expresion)


State 139

   72 expresion: expresion . OPMULT expresion
   72          | expresion OPMULT expresion .
   73          | expresion . OPDIV expresion
   74          | expresion . OPMULTM expresion
   75          | expresion . OPAND expresion
   76          | expresion . OPOR expresion
   77          | expresion . OPEQ expresion
   78          | expresion . OPNEQ expresion
   79          | expresion . OPLEQ expresion
   80          | expresion . OPGEQ expresion
   81          | expresion . OPLESS expresion
   82          | expresion . OPGR expresion
   83          | expresion . OPMOD expresion
   84          | expresion . OPSUMA expresion
   85          | expresion . OPRESTA expresion

    $default  reduce using rule 72 (expresion)


State 140

   72 expresion: expresion . OPMULT expresion
   73          | expresion . OPDIV expresion
   74          | expresion . OPMULTM expresion
   74          | expresion OPMULTM expresion .
   75          | expresion . OPAND expresion
   76          | expresion . OPOR expresion
   77          | expresion . OPEQ expresion
   78          | expresion . OPNEQ expresion
   79          | expresion . OPLEQ expresion
   80          | expresion . OPGEQ expresion
   81          | expresion . OPLESS expresion
   82          | expresion . OPGR expresion
   83          | expresion . OPMOD expresion
   84          | expresion . OPSUMA expresion
   85          | expresion . OPRESTA expresion

    $default  reduce using rule 74 (expresion)


State 141

   72 expresion: expresion . OPMULT expresion
   73          | expresion . OPDIV expresion
   73          | expresion OPDIV expresion .
   74          | expresion . OPMULTM expresion
   75          | expresion . OPAND expresion
   76          | expresion . OPOR expresion
   77          | expresion . OPEQ expresion
   78          | expresion . OPNEQ expresion
   79          | expresion . OPLEQ expresion
   80          | expresion . OPGEQ expresion
   81          | expresion . OPLESS expresion
   82          | expresion . OPGR expresion
   83          | expresion . OPMOD expresion
   84          | expresion . OPSUMA expresion
   85          | expresion . OPRESTA expresion

    $default  reduce using rule 73 (expresion)


State 142

   72 expresion: expresion . OPMULT expresion
   73          | expresion . OPDIV expresion
   74          | expresion . OPMULTM expresion
   75          | expresion . OPAND expresion
   76          | expresion . OPOR expresion
   77          | expresion . OPEQ expresion
   78          | expresion . OPNEQ expresion
   79          | expresion . OPLEQ expresion
   80          | expresion . OPGEQ expresion
   81          | expresion . OPLESS expresion
   82          | expresion . OPGR expresion
   83          | expresion . OPMOD expresion
   83          | expresion OPMOD expresion .
   84          | expresion . OPSUMA expresion
   85          | expresion . OPRESTA expresion

    $default  reduce using rule 83 (expresion)


State 143

   90 funcion: identificador PARIZQ PARDER .

    $default  reduce using rule 90 (funcion)


State 144

   92 funcion: identificador PARIZQ $@9 . lista_expresiones PARDER

    error     shift, and go to state 55
    OPSUMA    shift, and go to state 56
    OPRESTA   shift, and go to state 57
    OPNEG     shift, and go to state 58
    CONST     shift, and go to state 59
    CONSTENT  shift, and go to state 60
    IDEN      shift, and go to state 25
    CORIZQ    shift, and go to state 62
    PARIZQ    shift, and go to state 63

    variable_expresion  go to state 64
    elemento_de_array   go to state 36
    lista_expresiones   go to state 158
    expresion           go to state 159
    funcion             go to state 68
    identificador       go to state 70
    constante           go to state 71


State 145

   62 lista_variables: lista_variables COMA variable .

    $default  reduce using rule 62 (lista_variables)


State 146

   10 Declar_subprog: $@4 Cabecera_subprog $@5 bloque .

    $default  reduce using rule 10 (Declar_subprog)


State 147

   23 Cabecera_subprog: tipo variable PARIZQ . argumentos PARDER
   24                 | tipo variable PARIZQ . PARDER

    error   shift, and go to state 160
    PARDER  shift, and go to state 161
    TIPOEL  shift, and go to state 15

    argumentos  go to state 162
    tipo        go to state 163


State 148

   48 sentencia_asignacion: variable_expresion ASIG expresion PYC .

    $default  reduce using rule 48 (sentencia_asignacion)


State 149

   36 elemento_de_array: identificador CORIZQ expresion CORDER .

    $default  reduce using rule 36 (elemento_de_array)


State 150

   37 elemento_de_array: identificador CORIZQ expresion COMA . expresion CORDER

    error     shift, and go to state 55
    OPSUMA    shift, and go to state 56
    OPRESTA   shift, and go to state 57
    OPNEG     shift, and go to state 58
    CONST     shift, and go to state 59
    CONSTENT  shift, and go to state 60
    IDEN      shift, and go to state 25
    CORIZQ    shift, and go to state 62
    PARIZQ    shift, and go to state 63

    variable_expresion  go to state 64
    elemento_de_array   go to state 36
    expresion           go to state 164
    funcion             go to state 68
    identificador       go to state 70
    constante           go to state 71


State 151

   32 elemento_de_array_decl: identificador CORIZQ CONSTENT CORDER .

    $default  reduce using rule 32 (elemento_de_array_decl)


State 152

   33 elemento_de_array_decl: identificador CORIZQ CONSTENT COMA . CONSTENT CORDER

    CONSTENT  shift, and go to state 165


State 153

   50 sentencia_si: SI PARIZQ expresion PARDER Sentencia .
   51             | SI PARIZQ expresion PARDER Sentencia . SINO Sentencia

    SINO  shift, and go to state 166

    SINO      [reduce using rule 50 (sentencia_si)]
    $default  reduce using rule 50 (sentencia_si)


State 154

   52 sentencia_mientras: MIENTRAS PARIZQ expresion PARDER Sentencia .

    $default  reduce using rule 52 (sentencia_mientras)


State 155

   53 sentencia_hacer_hasta: HACER Sentencia HASTA PARIZQ expresion . PARDER PYC
   72 expresion: expresion . OPMULT expresion
   73          | expresion . OPDIV expresion
   74          | expresion . OPMULTM expresion
   75          | expresion . OPAND expresion
   76          | expresion . OPOR expresion
   77          | expresion . OPEQ expresion
   78          | expresion . OPNEQ expresion
   79          | expresion . OPLEQ expresion
   80          | expresion . OPGEQ expresion
   81          | expresion . OPLESS expresion
   82          | expresion . OPGR expresion
   83          | expresion . OPMOD expresion
   84          | expresion . OPSUMA expresion
   85          | expresion . OPRESTA expresion

    OPOR     shift, and go to state 97
    OPAND    shift, and go to state 98
    OPEQ     shift, and go to state 99
    OPNEQ    shift, and go to state 100
    OPLEQ    shift, and go to state 101
    OPGEQ    shift, and go to state 102
    OPLESS   shift, and go to state 103
    OPGR     shift, and go to state 104
    OPSUMA   shift, and go to state 105
    OPRESTA  shift, and go to state 106
    OPMULT   shift, and go to state 107
    OPMULTM  shift, and go to state 108
    OPDIV    shift, and go to state 109
    OPMOD    shift, and go to state 110
    PARDER   shift, and go to state 167


State 156

   99 ini_elementos_array: ini_elementos_array PYC lista_expresiones_array .
  102 lista_expresiones_array: lista_expresiones_array . COMA expresion

    COMA  shift, and go to state 126

    $default  reduce using rule 99 (ini_elementos_array)


State 157

   72 expresion: expresion . OPMULT expresion
   73          | expresion . OPDIV expresion
   74          | expresion . OPMULTM expresion
   75          | expresion . OPAND expresion
   76          | expresion . OPOR expresion
   77          | expresion . OPEQ expresion
   78          | expresion . OPNEQ expresion
   79          | expresion . OPLEQ expresion
   80          | expresion . OPGEQ expresion
   81          | expresion . OPLESS expresion
   82          | expresion . OPGR expresion
   83          | expresion . OPMOD expresion
   84          | expresion . OPSUMA expresion
   85          | expresion . OPRESTA expresion
  102 lista_expresiones_array: lista_expresiones_array COMA expresion .

    OPOR     shift, and go to state 97
    OPAND    shift, and go to state 98
    OPEQ     shift, and go to state 99
    OPNEQ    shift, and go to state 100
    OPLEQ    shift, and go to state 101
    OPGEQ    shift, and go to state 102
    OPLESS   shift, and go to state 103
    OPGR     shift, and go to state 104
    OPSUMA   shift, and go to state 105
    OPRESTA  shift, and go to state 106
    OPMULT   shift, and go to state 107
    OPMULTM  shift, and go to state 108
    OPDIV    shift, and go to state 109
    OPMOD    shift, and go to state 110

    $default  reduce using rule 102 (lista_expresiones_array)


State 158

   67 lista_expresiones: lista_expresiones . COMA expresion
   92 funcion: identificador PARIZQ $@9 lista_expresiones . PARDER

    PARDER  shift, and go to state 168
    COMA    shift, and go to state 169


State 159

   66 lista_expresiones: expresion .
   72 expresion: expresion . OPMULT expresion
   73          | expresion . OPDIV expresion
   74          | expresion . OPMULTM expresion
   75          | expresion . OPAND expresion
   76          | expresion . OPOR expresion
   77          | expresion . OPEQ expresion
   78          | expresion . OPNEQ expresion
   79          | expresion . OPLEQ expresion
   80          | expresion . OPGEQ expresion
   81          | expresion . OPLESS expresion
   82          | expresion . OPGR expresion
   83          | expresion . OPMOD expresion
   84          | expresion . OPSUMA expresion
   85          | expresion . OPRESTA expresion

    OPOR     shift, and go to state 97
    OPAND    shift, and go to state 98
    OPEQ     shift, and go to state 99
    OPNEQ    shift, and go to state 100
    OPLEQ    shift, and go to state 101
    OPGEQ    shift, and go to state 102
    OPLESS   shift, and go to state 103
    OPGR     shift, and go to state 104
    OPSUMA   shift, and go to state 105
    OPRESTA  shift, and go to state 106
    OPMULT   shift, and go to state 107
    OPMULTM  shift, and go to state 108
    OPDIV    shift, and go to state 109
    OPMOD    shift, and go to state 110

    $default  reduce using rule 66 (lista_expresiones)


State 160

   29 argumentos: error .

    $default  reduce using rule 29 (argumentos)


State 161

   24 Cabecera_subprog: tipo variable PARIZQ PARDER .

    $default  reduce using rule 24 (Cabecera_subprog)


State 162

   23 Cabecera_subprog: tipo variable PARIZQ argumentos . PARDER
   28 argumentos: argumentos . COMA tipo $@8 variable

    PARDER  shift, and go to state 170
    COMA    shift, and go to state 171


State 163

   26 argumentos: tipo . $@7 variable

    $default  reduce using rule 25 ($@7)

    $@7  go to state 172


State 164

   37 elemento_de_array: identificador CORIZQ expresion COMA expresion . CORDER
   72 expresion: expresion . OPMULT expresion
   73          | expresion . OPDIV expresion
   74          | expresion . OPMULTM expresion
   75          | expresion . OPAND expresion
   76          | expresion . OPOR expresion
   77          | expresion . OPEQ expresion
   78          | expresion . OPNEQ expresion
   79          | expresion . OPLEQ expresion
   80          | expresion . OPGEQ expresion
   81          | expresion . OPLESS expresion
   82          | expresion . OPGR expresion
   83          | expresion . OPMOD expresion
   84          | expresion . OPSUMA expresion
   85          | expresion . OPRESTA expresion

    OPOR     shift, and go to state 97
    OPAND    shift, and go to state 98
    OPEQ     shift, and go to state 99
    OPNEQ    shift, and go to state 100
    OPLEQ    shift, and go to state 101
    OPGEQ    shift, and go to state 102
    OPLESS   shift, and go to state 103
    OPGR     shift, and go to state 104
    OPSUMA   shift, and go to state 105
    OPRESTA  shift, and go to state 106
    OPMULT   shift, and go to state 107
    OPMULTM  shift, and go to state 108
    OPDIV    shift, and go to state 109
    OPMOD    shift, and go to state 110
    CORDER   shift, and go to state 173


State 165

   33 elemento_de_array_decl: identificador CORIZQ CONSTENT COMA CONSTENT . CORDER

    CORDER  shift, and go to state 174


State 166

   51 sentencia_si: SI PARIZQ expresion PARDER Sentencia SINO . Sentencia

    error     shift, and go to state 24
    IDEN      shift, and go to state 25
    LLAIZQ    shift, and go to state 6
    SI        shift, and go to state 26
    MIENTRAS  shift, and go to state 27
    HACER     shift, and go to state 28
    SALIDA    shift, and go to state 29
    ENTRADA   shift, and go to state 30
    DEVOLVER  shift, and go to state 31

    bloque                 go to state 32
    Inicio_de_bloque       go to state 8
    variable_expresion     go to state 35
    elemento_de_array      go to state 36
    Sentencia              go to state 175
    sentencia_asignacion   go to state 39
    sentencia_si           go to state 40
    sentencia_mientras     go to state 41
    sentencia_hacer_hasta  go to state 42
    sentencia_entrada      go to state 43
    sentencia_salida       go to state 44
    sentencia_retornar     go to state 45
    identificador          go to state 46


State 167

   53 sentencia_hacer_hasta: HACER Sentencia HASTA PARIZQ expresion PARDER . PYC

    PYC  shift, and go to state 176


State 168

   92 funcion: identificador PARIZQ $@9 lista_expresiones PARDER .

    $default  reduce using rule 92 (funcion)


State 169

   67 lista_expresiones: lista_expresiones COMA . expresion

    error     shift, and go to state 55
    OPSUMA    shift, and go to state 56
    OPRESTA   shift, and go to state 57
    OPNEG     shift, and go to state 58
    CONST     shift, and go to state 59
    CONSTENT  shift, and go to state 60
    IDEN      shift, and go to state 25
    CORIZQ    shift, and go to state 62
    PARIZQ    shift, and go to state 63

    variable_expresion  go to state 64
    elemento_de_array   go to state 36
    expresion           go to state 177
    funcion             go to state 68
    identificador       go to state 70
    constante           go to state 71


State 170

   23 Cabecera_subprog: tipo variable PARIZQ argumentos PARDER .

    $default  reduce using rule 23 (Cabecera_subprog)


State 171

   28 argumentos: argumentos COMA . tipo $@8 variable

    TIPOEL  shift, and go to state 15

    tipo  go to state 178


State 172

   26 argumentos: tipo $@7 . variable

    IDEN  shift, and go to state 25

    variable                go to state 179
    elemento_de_array_decl  go to state 49
    identificador           go to state 51


State 173

   37 elemento_de_array: identificador CORIZQ expresion COMA expresion CORDER .

    $default  reduce using rule 37 (elemento_de_array)


State 174

   33 elemento_de_array_decl: identificador CORIZQ CONSTENT COMA CONSTENT CORDER .

    $default  reduce using rule 33 (elemento_de_array_decl)


State 175

   51 sentencia_si: SI PARIZQ expresion PARDER Sentencia SINO Sentencia .

    $default  reduce using rule 51 (sentencia_si)


State 176

   53 sentencia_hacer_hasta: HACER Sentencia HASTA PARIZQ expresion PARDER PYC .

    $default  reduce using rule 53 (sentencia_hacer_hasta)


State 177

   67 lista_expresiones: lista_expresiones COMA expresion .
   72 expresion: expresion . OPMULT expresion
   73          | expresion . OPDIV expresion
   74          | expresion . OPMULTM expresion
   75          | expresion . OPAND expresion
   76          | expresion . OPOR expresion
   77          | expresion . OPEQ expresion
   78          | expresion . OPNEQ expresion
   79          | expresion . OPLEQ expresion
   80          | expresion . OPGEQ expresion
   81          | expresion . OPLESS expresion
   82          | expresion . OPGR expresion
   83          | expresion . OPMOD expresion
   84          | expresion . OPSUMA expresion
   85          | expresion . OPRESTA expresion

    OPOR     shift, and go to state 97
    OPAND    shift, and go to state 98
    OPEQ     shift, and go to state 99
    OPNEQ    shift, and go to state 100
    OPLEQ    shift, and go to state 101
    OPGEQ    shift, and go to state 102
    OPLESS   shift, and go to state 103
    OPGR     shift, and go to state 104
    OPSUMA   shift, and go to state 105
    OPRESTA  shift, and go to state 106
    OPMULT   shift, and go to state 107
    OPMULTM  shift, and go to state 108
    OPDIV    shift, and go to state 109
    OPMOD    shift, and go to state 110

    $default  reduce using rule 67 (lista_expresiones)


State 178

   28 argumentos: argumentos COMA tipo . $@8 variable

    $default  reduce using rule 27 ($@8)

    $@8  go to state 180


State 179

   26 argumentos: tipo $@7 variable .

    $default  reduce using rule 26 (argumentos)


State 180

   28 argumentos: argumentos COMA tipo $@8 . variable

    IDEN  shift, and go to state 25

    variable                go to state 181
    elemento_de_array_decl  go to state 49
    identificador           go to state 51


State 181

   28 argumentos: argumentos COMA tipo $@8 variable .

    $default  reduce using rule 28 (argumentos)
